1601906632059	mozrunner::runner	INFO	Running command: "C:\\Program Files\\Mozilla Firefox\\firefox.exe" "-marionette" "-foreground" "-no-remote" "-profile" "C:\\Users\\jyoti\\AppData\\Local\\Temp\\rust_mozprofileWU0d55"
JavaScript error: resource://gre/modules/XULStore.jsm, line 66: Error: Can't find profile directory.
console.error: SearchCache: "_readCacheFile: Error reading cache file:" (new Error("", "(unknown module)"))
1601906635608	Marionette	INFO	Listening on port 53873
1601906635697	Marionette	WARN	TLS certificate errors will be ignored for this session
JavaScript warning: https://static-exp1.licdn.com/sc/h/br/84ph016ak7v9oppgo9fqzxcdi, line 17527: unreachable code after return statement
JavaScript warning: https://static-exp1.licdn.com/sc/h/br/6zdmzthhu6kmx8vqiyei67b2x, line 2827: unreachable code after return statement
JavaScript warning: https://static-exp1.licdn.com/sc/h/br/6zdmzthhu6kmx8vqiyei67b2x, line 2827: unreachable code after return statement
JavaScript warning: https://static-exp1.licdn.com/sc/h/br/7k8g4k296daclod9cu9f0wktd, line 2873: unreachable code after return statement
JavaScript error: , line 0: uncaught exception: Object
JavaScript warning: https://static-exp1.licdn.com/sc/h/br/84ph016ak7v9oppgo9fqzxcdi, line 17527: unreachable code after return statement
JavaScript warning: https://static-exp1.licdn.com/sc/h/br/6zdmzthhu6kmx8vqiyei67b2x, line 2827: unreachable code after return statement
JavaScript warning: https://static-exp1.licdn.com/sc/h/br/6zdmzthhu6kmx8vqiyei67b2x, line 2827: unreachable code after return statement
1601906681625	Marionette	INFO	Stopped listening on port 53873

###!!! [Child][MessageChannel::SendAndWait] Error: Channel error: cannot send/recv

1601993481833	mozrunner::runner	INFO	Running command: "C:\\Program Files\\Mozilla Firefox\\firefox.exe" "-marionette" "-foreground" "-no-remote" "-profile" "C:\\Users\\jyoti\\AppData\\Local\\Temp\\rust_mozprofileTTM5VS"
JavaScript error: resource://gre/modules/XULStore.jsm, line 66: Error: Can't find profile directory.
console.error: SearchCache: "_readCacheFile: Error reading cache file:" (new Error("", "(unknown module)"))
1601993485671	Marionette	INFO	Listening on port 60984
1601993485968	Marionette	WARN	TLS certificate errors will be ignored for this session
JavaScript warning: https://static-exp1.licdn.com/sc/h/br/1uv0yy6hg43yzrtganurs8m7o, line 17527: unreachable code after return statement
JavaScript warning: https://static-exp1.licdn.com/sc/h/br/c81wi5x0qoiqryq6f7bjhwd8k, line 2827: unreachable code after return statement
JavaScript warning: https://static-exp1.licdn.com/sc/h/br/c81wi5x0qoiqryq6f7bjhwd8k, line 2827: unreachable code after return statement
JavaScript error: , line 0: uncaught exception: Object
JavaScript warning: https://static-exp1.licdn.com/sc/h/br/1uv0yy6hg43yzrtganurs8m7o, line 17527: unreachable code after return statement
JavaScript warning: https://static-exp1.licdn.com/sc/h/br/c81wi5x0qoiqryq6f7bjhwd8k, line 2827: unreachable code after return statement
JavaScript warning: https://static-exp1.licdn.com/sc/h/br/c81wi5x0qoiqryq6f7bjhwd8k, line 2827: unreachable code after return statement
1601995257351	Marionette	INFO	Stopped listening on port 60984

###!!! [Child][RunMessage] Error: Channel closing: too late to send/recv, messages will be lost


###!!! [Child][MessageChannel::SendAndWait] Error: Channel error: cannot send/recv

/modules/XULStore.jsm, line 66: Error: Can't find profile directory.
console.error: SearchCache: "_readCacheFile: Error reading cache file:" (new Error("", "(unknown module)"))
1601995245069	Marionette	INFO	Listening on port 61328
1601995245480	Marionette	WARN	TLS certificate errors will be ignored for this session
JavaScript warning: https://static-exp1.licdn.com/sc/h/br/1uv0yy6hg43yzrtganurs8m7o, line 17527: unreachable code after return statement
JavaScript warning: https://static-exp1.licdn.com/sc/h/br/c81wi5x0qoiqryq6f7bjhwd8k, line 2827: unreachable code after return statement
JavaScript warning: https://static-exp1.licdn.com/sc/h/br/c81wi5x0qoiqryq6f7bjhwd8k, line 2827: unreachable code after return statement
JavaScript error: , line 0: uncaught exception: Object
JavaScript warning: https://static-exp1.licdn.com/sc/h/br/1uv0yy6hg43yzrtganurs8m7o, line 17527: unreachable code after return statement
JavaScript warning: https://static-exp1.licdn.com/sc/h/br/c81wi5x0qoiqryq6f7bjhwd8k, line 2827: unreachable code after return statement
JavaScript warning: https://static-exp1.licdn.com/sc/h/br/c81wi5x0qoiqryq6f7bjhwd8k, line 2827: unreachable code after return statement
1601995303175	Marionette	INFO	Stopped listening on port 61328

###!!! [Child][RunMessage] Error: Channel closing: too late to send/recv, messages will be lost


###!!! [Child][MessageChannel::SendAndWait] Error: Channel error: cannot send/recv

1601996859024	mozrunner::runner	INFO	Running command: "C:\\Program Files\\Mozilla Firefox\\firefox.exe" "-marionette" "-foreground" "-no-remote" "-profile" "C:\\Users\\jyoti\\AppData\\Local\\Temp\\rust_mozprofilegCX6G1"
JavaScript error: resource://gre/modules/XULStore.jsm, line 66: Error: Can't find profile directory.
console.error: SearchCache: "_readCacheFile: Error reading cache file:" (new Error("", "(unknown module)"))
1601996861998	Marionette	INFO	Listening on port 61774
1601996862142	Marionette	WARN	TLS certificate errors will be ignored for this session
JavaScript warning: https://static-exp1.licdn.com/sc/h/br/1uv0yy6hg43yzrtganurs8m7o, line 17527: unreachable code after return statement
JavaScript warning: https://static-exp1.licdn.com/sc/h/br/c81wi5x0qoiqryq6f7bjhwd8k, line 2827: unreachable code after return statement
JavaScript warning: https://static-exp1.licdn.com/sc/h/br/c81wi5x0qoiqryq6f7bjhwd8k, line 2827: unreachable code after return statement
JavaScript error: , line 0: uncaught exception: Object
JavaScript warning: https://static-exp1.licdn.com/sc/h/br/1uv0yy6hg43yzrtganurs8m7o, line 17527: unreachable code after return statement
JavaScript warning: https://static-exp1.licdn.com/sc/h/br/c81wi5x0qoiqryq6f7bjhwd8k, line 2827: unreachable code after return statement
JavaScript warning: https://static-exp1.licdn.com/sc/h/br/c81wi5x0qoiqryq6f7bjhwd8k, line 2827: unreachable code after return statement
1601996930042	Marionette	INFO	Stopped listening on port 61774

###!!! [Child][RunMessage] Error: Channel closing: too late to send/recv, messages will be lost


###!!! [Child][MessageChannel::SendAndWait] Error: Channel error: cannot send/recv

1601997180957	mozrunner::runner	INFO	Running command: "C:\\Program Files\\Mozilla Firefox\\firefox.exe" "-marionette" "-foreground" "-no-remote" "-profile" "C:\\Users\\jyoti\\AppData\\Local\\Temp\\rust_mozprofileaHn8x2"
JavaScript error: resource://gre/modules/XULStore.jsm, line 66: Error: Can't find profile directory.
console.error: SearchCache: "_readCacheFile: Error reading cache file:" (new Error("", "(unknown module)"))
1601997183814	Marionette	INFO	Listening on port 61944
1601997184071	Marionette	WARN	TLS certificate errors will be ignored for this session
JavaScript warning: https://static-exp1.licdn.com/sc/h/br/1uv0yy6hg43yzrtganurs8m7o, line 17527: unreachable code after return statement
JavaScript warning: https://static-exp1.licdn.com/sc/h/br/c81wi5x0qoiqryq6f7bjhwd8k, line 2827: unreachable code after return statement
JavaScript warning: https://static-exp1.licdn.com/sc/h/br/c81wi5x0qoiqryq6f7bjhwd8k, line 2827: unreachable code after return statement
JavaScript error: , line 0: uncaught exception: Object
JavaScript warning: https://static-exp1.licdn.com/sc/h/br/1uv0yy6hg43yzrtganurs8m7o, line 17527: unreachable code after return statement
JavaScript warning: https://static-exp1.licdn.com/sc/h/br/c81wi5x0qoiqryq6f7bjhwd8k, line 2827: unreachable code after return statement
JavaScript warning: https://static-exp1.licdn.com/sc/h/br/c81wi5x0qoiqryq6f7bjhwd8k, line 2827: unreachable code after return statement
1601997218284	Marionette	INFO	Stopped listening on port 61944

###!!! [Child][RunMessage] Error: Channel closing: too late to send/recv, messages will be lost


###!!! [Child][MessageChannel::SendAndWait] Error: Channel error: cannot send/recv

1601998155209	mozrunner::runner	INFO	Running command: "C:\\Program Files\\Mozilla Firefox\\firefox.exe" "-marionette" "-foreground" "-no-remote" "-profile" "C:\\Users\\jyoti\\AppData\\Local\\Temp\\rust_mozprofileeJfXWk"
JavaScript error: resource://gre/modules/XULStore.jsm, line 66: Error: Can't find profile directory.
console.error: SearchCache: "_readCacheFile: Error reading cache file:" (new Error("", "(unknown module)"))
1601998157926	Marionette	INFO	Listening on port 62174
1601998158341	Marionette	WARN	TLS certificate errors will be ignored for this session
JavaScript warning: https://static-exp1.licdn.com/sc/h/br/1uv0yy6hg43yzrtganurs8m7o, line 17527: unreachable code after return statement
JavaScript warning: https://static-exp1.licdn.com/sc/h/br/c81wi5x0qoiqryq6f7bjhwd8k, line 2827: unreachable code after return statement
JavaScript warning: https://static-exp1.licdn.com/sc/h/br/c81wi5x0qoiqryq6f7bjhwd8k, line 2827: unreachable code after return statement
JavaScript error: , line 0: uncaught exception: Object
JavaScript warning: https://static-exp1.licdn.com/sc/h/br/1uv0yy6hg43yzrtganurs8m7o, line 17527: unreachable code after return statement
JavaScript warning: https://static-exp1.licdn.com/sc/h/br/c81wi5x0qoiqryq6f7bjhwd8k, line 2827: unreachable code after return statement
JavaScript warning: https://static-exp1.licdn.com/sc/h/br/c81wi5x0qoiqryq6f7bjhwd8k, line 2827: unreachable code after return statement
1602000358103	Marionette	INFO	Stopped listening on port 62174

###!!! [Child][RunMessage] Error: Channel closing: too late to send/recv, messages will be lost


###!!! [Child][MessageChannel::SendAndWait] Error: Channel error: cannot send/recv

/modules/XULStore.jsm, line 66: Error: Can't find profile directory.
console.error: SearchCache: "_readCacheFile: Error reading cache file:" (new Error("", "(unknown module)"))
1601998509233	Marionette	INFO	Listening on port 62334
1601998509456	Marionette	WARN	TLS certificate errors will be ignored for this session
JavaScript warning: https://static-exp1.licdn.com/sc/h/br/1uv0yy6hg43yzrtganurs8m7o, line 17527: unreachable code after return statement
JavaScript warning: https://static-exp1.licdn.com/sc/h/br/c81wi5x0qoiqryq6f7bjhwd8k, line 2827: unreachable code after return statement
JavaScript warning: https://static-exp1.licdn.com/sc/h/br/c81wi5x0qoiqryq6f7bjhwd8k, line 2827: unreachable code after return statement
JavaScript error: , line 0: uncaught exception: Object
JavaScript warning: https://static-exp1.licdn.com/sc/h/br/1uv0yy6hg43yzrtganurs8m7o, line 17527: unreachable code after return statement
JavaScript warning: https://static-exp1.licdn.com/sc/h/br/c81wi5x0qoiqryq6f7bjhwd8k, line 2827: unreachable code after return statement
JavaScript warning: https://static-exp1.licdn.com/sc/h/br/c81wi5x0qoiqryq6f7bjhwd8k, line 2827: unreachable code after return statement
1601998630810	Marionette	INFO	Stopped listening on port 62334

###!!! [Child][RunMessage] Error: Channel closing: too late to send/recv, messages will be lost


###!!! [Child][MessageChannel::SendAndWait] Error: Channel error: cannot send/recv

1601999102745	mozrunner::runner	INFO	Running command: "C:\\Program Files\\Mozilla Firefox\\firefox.exe" "-marionette" "-foreground" "-no-remote" "-profile" "C:\\Users\\jyoti\\AppData\\Local\\Temp\\rust_mozprofile0eyT4p"
JavaScript error: resource://gre/modules/XULStore.jsm, line 66: Error: Can't find profile directory.
console.error: SearchCache: "_readCacheFile: Error reading cache file:" (new Error("", "(unknown module)"))
1601999105654	Marionette	INFO	Listening on port 62672
1601999105865	Marionette	WARN	TLS certificate errors will be ignored for this session
JavaScript warning: https://static-exp1.licdn.com/sc/h/br/1uv0yy6hg43yzrtganurs8m7o, line 17527: unreachable code after return statement
JavaScript warning: https://static-exp1.licdn.com/sc/h/br/c81wi5x0qoiqryq6f7bjhwd8k, line 2827: unreachable code after return statement
JavaScript warning: https://static-exp1.licdn.com/sc/h/br/c81wi5x0qoiqryq6f7bjhwd8k, line 2827: unreachable code after return statement
JavaScript error: , line 0: uncaught exception: Object
JavaScript warning: https://static-exp1.licdn.com/sc/h/br/1uv0yy6hg43yzrtganurs8m7o, line 17527: unreachable code after return statement
JavaScript warning: https://static-exp1.licdn.com/sc/h/br/c81wi5x0qoiqryq6f7bjhwd8k, line 2827: unreachable code after return statement
JavaScript warning: https://static-exp1.licdn.com/sc/h/br/c81wi5x0qoiqryq6f7bjhwd8k, line 2827: unreachable code after return statement
1601999186949	Marionette	INFO	Stopped listening on port 62672

###!!! [Child][RunMessage] Error: Channel closing: too late to send/recv, messages will be lost


###!!! [Child][MessageChannel::SendAndWait] Error: Channel error: cannot send/recv

1602000247345	mozrunner::runner	INFO	Running command: "C:\\Program Files\\Mozilla Firefox\\firefox.exe" "-marionette" "-foreground" "-no-remote" "-profile" "C:\\Users\\jyoti\\AppData\\Local\\Temp\\rust_mozprofile7MsvLx"
JavaScript error: resource://gre/modules/XULStore.jsm, line 66: Error: Can't find profile directory.
console.error: SearchCache: "_readCacheFile: Error reading cache file:" (new Error("", "(unknown module)"))
1602000250531	Marionette	INFO	Listening on port 62881
1602000250957	Marionette	WARN	TLS certificate errors will be ignored for this session
JavaScript warning: https://static-exp1.licdn.com/sc/h/br/1uv0yy6hg43yzrtganurs8m7o, line 17527: unreachable code after return statement
JavaScript warning: https://static-exp1.licdn.com/sc/h/br/c81wi5x0qoiqryq6f7bjhwd8k, line 2827: unreachable code after return statement
JavaScript warning: https://static-exp1.licdn.com/sc/h/br/c81wi5x0qoiqryq6f7bjhwd8k, line 2827: unreachable code after return statement
JavaScript error: , line 0: uncaught exception: Object
JavaScript warning: https://static-exp1.licdn.com/sc/h/br/1uv0yy6hg43yzrtganurs8m7o, line 17527: unreachable code after return statement
JavaScript warning: https://static-exp1.licdn.com/sc/h/br/c81wi5x0qoiqryq6f7bjhwd8k, line 2827: unreachable code after return statement
JavaScript warning: https://static-exp1.licdn.com/sc/h/br/c81wi5x0qoiqryq6f7bjhwd8k, line 2827: unreachable code after return statement
1602000339764	Marionette	INFO	Stopped listening on port 62881

###!!! [Child][RunMessage] Error: Channel closing: too late to send/recv, messages will be lost


###!!! [Child][MessageChannel::SendAndWait] Error: Channel error: cannot send/recv

1602170605414	mozrunner::runner	INFO	Running command: "C:\\Program Files\\Mozilla Firefox\\firefox.exe" "-marionette" "-foreground" "-no-remote" "-profile" "C:\\Users\\jyoti\\AppData\\Local\\Temp\\rust_mozprofile6owmhz"
JavaScript error: resource://gre/modules/XULStore.jsm, line 66: Error: Can't find profile directory.
console.error: SearchCache: "_readCacheFile: Error reading cache file:" (new Error("", "(unknown module)"))
1602170609552	Marionette	INFO	Listening on port 64122
1602170609642	Marionette	WARN	TLS certificate errors will be ignored for this session
JavaScript warning: https://static-exp1.licdn.com/sc/h/br/16gzgvx4rh3dnw34mkedgo9hv, line 17528: unreachable code after return statement
JavaScript warning: https://static-exp1.licdn.com/sc/h/br/2nbdmarlnzhk4nlrx5p9ajy1z, line 2828: unreachable code after return statement
JavaScript warning: https://static-exp1.licdn.com/sc/h/br/2nbdmarlnzhk4nlrx5p9ajy1z, line 2828: unreachable code after return statement
JavaScript error: , line 0: uncaught exception: Object
JavaScript warning: https://static-exp1.licdn.com/sc/h/br/16gzgvx4rh3dnw34mkedgo9hv, line 17528: unreachable code after return statement
JavaScript warning: https://static-exp1.licdn.com/sc/h/br/2nbdmarlnzhk4nlrx5p9ajy1z, line 2828: unreachable code after return statement
JavaScript warning: https://static-exp1.licdn.com/sc/h/br/2nbdmarlnzhk4nlrx5p9ajy1z, line 2828: unreachable code after return statement
1602170715067	Marionette	INFO	Stopped listening on port 64122

###!!! [Child][RunMessage] Error: Channel closing: too late to send/recv, messages will be lost


###!!! [Child][MessageChannel::SendAndWait] Error: Channel error: cannot send/recv

1603202368050	mozrunner::runner	INFO	Running command: "C:\\Program Files\\Mozilla Firefox\\firefox.exe" "-marionette" "-foreground" "-no-remote" "-profile" "C:\\Users\\jyoti\\AppData\\Local\\Temp\\rust_mozprofileTxYXXT"
JavaScript error: resource://gre/modules/XULStore.jsm, line 66: Error: Can't find profile directory.
console.error: SearchCache: "_readCacheFile: Error reading cache file:" (new Error("", "(unknown module)"))
1603202372054	Marionette	INFO	Listening on port 55172
1603202372206	Marionette	WARN	TLS certificate errors will be ignored for this session
JavaScript warning: https://static-exp1.licdn.com/sc/h/br/dpldv4pexol5g1ey3e7ipnmta, line 17561: unreachable code after return statement
JavaScript warning: https://static-exp1.licdn.com/sc/h/br/b774j4ivrirkdwz3v4idn5for, line 2873: unreachable code after return statement
JavaScript warning: https://static-exp1.licdn.com/sc/h/br/b774j4ivrirkdwz3v4idn5for, line 2873: unreachable code after return statement
JavaScript error: , line 0: uncaught exception: Object
JavaScript warning: https://static-exp1.licdn.com/sc/h/br/dpldv4pexol5g1ey3e7ipnmta, line 17561: unreachable code after return statement
JavaScript warning: https://static-exp1.licdn.com/sc/h/br/b774j4ivrirkdwz3v4idn5for, line 2873: unreachable code after return statement
JavaScript warning: https://static-exp1.licdn.com/sc/h/br/b774j4ivrirkdwz3v4idn5for, line 2873: unreachable code after return statement
1603202452883	Marionette	INFO	Stopped listening on port 55172

###!!! [Child][RunMessage] Error: Channel closing: too late to send/recv, messages will be lost


###!!! [Child][MessageChannel::SendAndWait] Error: Channel error: cannot send/recv

1603294534538	mozrunner::runner	INFO	Running command: "C:\\Program Files\\Mozilla Firefox\\firefox.exe" "-marionette" "-foreground" "-no-remote" "-profile" "C:\\Users\\jyoti\\AppData\\Local\\Temp\\rust_mozprofileDPiBbs"
JavaScript error: resource://gre/modules/XULStore.jsm, line 66: Error: Can't find profile directory.
console.error: SearchCache: "_readCacheFile: Error reading cache file:" (new Error("", "(unknown module)"))
1603294537498	Marionette	INFO	Listening on port 53878
1603294537655	Marionette	WARN	TLS certificate errors will be ignored for this session
1603294645330	Marionette	INFO	Stopped listening on port 53878

###!!! [Child][RunMessage] Error: Channel closing: too late to send/recv, messages will be lost


###!!! [Child][MessageChannel::SendAndWait] Error: Channel error: cannot send/recv

1603294696811	mozrunner::runner	INFO	Running command: "C:\\Program Files\\Mozilla Firefox\\firefox.exe" "-marionette" "-foreground" "-no-remote" "-profile" "C:\\Users\\jyoti\\AppData\\Local\\Temp\\rust_mozprofileUjUf6F"
JavaScript error: resource://gre/modules/XULStore.jsm, line 66: Error: Can't find profile directory.
console.error: SearchCache: "_readCacheFile: Error reading cache file:" (new Error("", "(unknown module)"))
1603294699621	Marionette	INFO	Listening on port 54016
1603294699933	Marionette	WARN	TLS certificate errors will be ignored for this session
JavaScript warning: https://static-exp1.licdn.com/sc/h/br/aijf44567e4hfxhp1g49e6avf, line 17557: unreachable code after return statement
JavaScript warning: https://static-exp1.licdn.com/sc/h/br/drvgv6bi06pofqfgi0gabr802, line 2874: unreachable code after return statement
JavaScript warning: https://static-exp1.licdn.com/sc/h/br/drvgv6bi06pofqfgi0gabr802, line 2874: unreachable code after return statement
JavaScript error: , line 0: uncaught exception: Object
JavaScript warning: https://static-exp1.licdn.com/sc/h/br/aijf44567e4hfxhp1g49e6avf, line 17557: unreachable code after return statement
JavaScript warning: https://static-exp1.licdn.com/sc/h/br/drvgv6bi06pofqfgi0gabr802, line 2874: unreachable code after return statement
JavaScript warning: https://static-exp1.licdn.com/sc/h/br/drvgv6bi06pofqfgi0gabr802, line 2874: unreachable code after return statement
1603294792865	Marionette	INFO	Stopped listening on port 54016

###!!! [Child][RunMessage] Error: Channel closing: too late to send/recv, messages will be lost


###!!! [Child][MessageChannel::SendAndWait] Error: Channel error: cannot send/recv

1603300641239	mozrunner::runner	INFO	Running command: "C:\\Program Files\\Mozilla Firefox\\firefox.exe" "-marionette" "-foreground" "-no-remote" "-profile" "C:\\Users\\jyoti\\AppData\\Local\\Temp\\rust_mozprofileF7XPdl"
JavaScript error: resource://gre/modules/XULStore.jsm, line 66: Error: Can't find profile directory.
console.error: SearchCache: "_readCacheFile: Error reading cache file:" (new Error("", "(unknown module)"))
1603300648646	Marionette	INFO	Listening on port 55846
1603300649084	Marionette	WARN	TLS certificate errors will be ignored for this session
JavaScript warning: https://static-exp1.licdn.com/sc/h/br/3rynle0sziulp8al5mt9cnuzs, line 17559: unreachable code after return statement
JavaScript warning: https://static-exp1.licdn.com/sc/h/br/eb4ir4pxzwxx18l64b8617r1r, line 2874: unreachable code after return statement
JavaScript warning: https://static-exp1.licdn.com/sc/h/br/eb4ir4pxzwxx18l64b8617r1r, line 2874: unreachable code after return statement
JavaScript error: , line 0: uncaught exception: Object
JavaScript warning: https://static-exp1.licdn.com/sc/h/br/3rynle0sziulp8al5mt9cnuzs, line 17559: unreachable code after return statement
JavaScript warning: https://static-exp1.licdn.com/sc/h/br/eb4ir4pxzwxx18l64b8617r1r, line 2874: unreachable code after return statement
JavaScript warning: https://static-exp1.licdn.com/sc/h/br/eb4ir4pxzwxx18l64b8617r1r, line 2874: unreachable code after return statement
1603300763670	Marionette	INFO	Stopped listening on port 55846

###!!! [Child][MessageChannel::SendAndWait] Error: Channel error: cannot send/recv

1603300982538	mozrunner::runner	INFO	Running command: "C:\\Program Files\\Mozilla Firefox\\firefox.exe" "-marionette" "-foreground" "-no-remote" "-profile" "C:\\Users\\jyoti\\AppData\\Local\\Temp\\rust_mozprofileRTKwuX"
JavaScript error: resource://gre/modules/XULStore.jsm, line 66: Error: Can't find profile directory.
console.error: SearchCache: "_readCacheFile: Error reading cache file:" (new Error("", "(unknown module)"))
1603300990555	Marionette	INFO	Listening on port 56119
1603300990621	Marionette	WARN	TLS certificate errors will be ignored for this session
JavaScript warning: https://static-exp1.licdn.com/sc/h/br/3rynle0sziulp8al5mt9cnuzs, line 17559: unreachable code after return statement
JavaScript warning: https://static-exp1.licdn.com/sc/h/br/eb4ir4pxzwxx18l64b8617r1r, line 2874: unreachable code after return statement
JavaScript warning: https://static-exp1.licdn.com/sc/h/br/eb4ir4pxzwxx18l64b8617r1r, line 2874: unreachable code after return statement
JavaScript error: , line 0: uncaught exception: Object
JavaScript error: resource:///modules/FaviconLoader.jsm, line 568: InvalidStateError: An attempt was made to use an object that is not, or is no longer, usable
JavaScript warning: https://static-exp1.licdn.com/sc/h/br/3rynle0sziulp8al5mt9cnuzs, line 17559: unreachable code after return statement
JavaScript warning: https://static-exp1.licdn.com/sc/h/br/eb4ir4pxzwxx18l64b8617r1r, line 2874: unreachable code after return statement
JavaScript warning: https://static-exp1.licdn.com/sc/h/br/eb4ir4pxzwxx18l64b8617r1r, line 2874: unreachable code after return statement
1603301054092	Marionette	INFO	Stopped listening on port 56119

###!!! [Child][RunMessage] Error: Channel closing: too late to send/recv, messages will be lost


###!!! [Child][MessageChannel::SendAndWait] Error: Channel error: cannot send/recv

1603306599294	mozrunner::runner	INFO	Running command: "C:\\Program Files\\Mozilla Firefox\\firefox.exe" "-marionette" "-foreground" "-no-remote" "-profile" "C:\\Users\\jyoti\\AppData\\Local\\Temp\\rust_mozprofile9SLeUo"
JavaScript error: resource://gre/modules/XULStore.jsm, line 66: Error: Can't find profile directory.
console.error: SearchCache: "_readCacheFile: Error reading cache file:" (new Error("", "(unknown module)"))
1603306602495	Marionette	INFO	Listening on port 64215
1603306602908	Marionette	WARN	TLS certificate errors will be ignored for this session
JavaScript warning: https://static-exp1.licdn.com/sc/h/br/3rynle0sziulp8al5mt9cnuzs, line 17559: unreachable code after return statement
JavaScript warning: https://static-exp1.licdn.com/sc/h/br/eb4ir4pxzwxx18l64b8617r1r, line 2874: unreachable code after return statement
JavaScript warning: https://static-exp1.licdn.com/sc/h/br/eb4ir4pxzwxx18l64b8617r1r, line 2874: unreachable code after return statement
JavaScript error: , line 0: uncaught exception: Object
JavaScript warning: https://static-exp1.licdn.com/sc/h/br/3rynle0sziulp8al5mt9cnuzs, line 17559: unreachable code after return statement
JavaScript warning: https://static-exp1.licdn.com/sc/h/br/eb4ir4pxzwxx18l64b8617r1r, line 2874: unreachable code after return statement
JavaScript warning: https://static-exp1.licdn.com/sc/h/br/eb4ir4pxzwxx18l64b8617r1r, line 2874: unreachable code after return statement
1603306821541	Marionette	INFO	Stopped listening on port 64215

###!!! [Child][RunMessage] Error: Channel closing: too late to send/recv, messages will be lost


###!!! [Child][MessageChannel::SendAndWait] Error: Channel error: cannot send/recv

/modules/XULStore.jsm, line 66: Error: Can't find profile directory.
console.error: SearchCache: "_readCacheFile: Error reading cache file:" (new Error("", "(unknown module)"))
1603306734596	Marionette	INFO	Listening on port 64414
1603306734691	Marionette	WARN	TLS certificate errors will be ignored for this session
JavaScript warning: https://static-exp1.licdn.com/sc/h/br/3rynle0sziulp8al5mt9cnuzs, line 17559: unreachable code after return statement
JavaScript warning: https://static-exp1.licdn.com/sc/h/br/eb4ir4pxzwxx18l64b8617r1r, line 2874: unreachable code after return statement
JavaScript warning: https://static-exp1.licdn.com/sc/h/br/eb4ir4pxzwxx18l64b8617r1r, line 2874: unreachable code after return statement
JavaScript error: , line 0: uncaught exception: Object
JavaScript warning: https://static-exp1.licdn.com/sc/h/br/3rynle0sziulp8al5mt9cnuzs, line 17559: unreachable code after return statement
JavaScript warning: https://static-exp1.licdn.com/sc/h/br/eb4ir4pxzwxx18l64b8617r1r, line 2874: unreachable code after return statement
JavaScript warning: https://static-exp1.licdn.com/sc/h/br/eb4ir4pxzwxx18l64b8617r1r, line 2874: unreachable code after return statement
1603306776936	Marionette	INFO	Stopped listening on port 64414

###!!! [Child][RunMessage] Error: Channel closing: too late to send/recv, messages will be lost


###!!! [Child][MessageChannel::SendAndWait] Error: Channel error: cannot send/recv

1604060055542	mozrunner::runner	INFO	Running command: "C:\\Program Files\\Mozilla Firefox\\firefox.exe" "-marionette" "-foreground" "-no-remote" "-profile" "C:\\Users\\jyoti\\AppData\\Local\\Temp\\rust_mozprofilel68EYz"
JavaScript error: resource://gre/modules/XULStore.jsm, line 66: Error: Can't find profile directory.
console.error: SearchCache: "_readCacheFile: Error reading cache file:" (new Error("", "(unknown module)"))
1604060058615	Marionette	INFO	Listening on port 52533
1604060058660	Marionette	WARN	TLS certificate errors will be ignored for this session
JavaScript warning: https://static-exp1.licdn.com/sc/h/br/591hu6n6k1aoc3brtime5gy08, line 17050: unreachable code after return statement
JavaScript warning: https://static-exp1.licdn.com/sc/h/br/8qhmbibwkgcvdrtm9coo8ahue, line 2906: unreachable code after return statement
JavaScript warning: https://static-exp1.licdn.com/sc/h/br/8qhmbibwkgcvdrtm9coo8ahue, line 2906: unreachable code after return statement
JavaScript error: , line 0: uncaught exception: Object
JavaScript warning: https://static-exp1.licdn.com/sc/h/br/591hu6n6k1aoc3brtime5gy08, line 17050: unreachable code after return statement
JavaScript warning: https://static-exp1.licdn.com/sc/h/br/8qhmbibwkgcvdrtm9coo8ahue, line 2906: unreachable code after return statement
JavaScript warning: https://static-exp1.licdn.com/sc/h/br/8qhmbibwkgcvdrtm9coo8ahue, line 2906: unreachable code after return statement
1604060100149	Marionette	WARN	TimedPromise timed out after 500 ms: stacktrace:
TimedPromise/<@chrome://marionette/content/sync.js:245:13
TimedPromise@chrome://marionette/content/sync.js:230:10
interaction.flushEventLoop@chrome://marionette/content/interaction.js:416:10
webdriverClickElement@chrome://marionette/content/interaction.js:182:31
1604060102557	Marionette	INFO	Stopped listening on port 52533

###!!! [Child][RunMessage] Error: Channel closing: too late to send/recv, messages will be lost


###!!! [Child][MessageChannel::SendAndWait] Error: Channel error: cannot send/recv

1604061484970	mozrunner::runner	INFO	Running command: "C:\\Program Files\\Mozilla Firefox\\firefox.exe" "-marionette" "-foreground" "-no-remote" "-profile" "C:\\Users\\jyoti\\AppData\\Local\\Temp\\rust_mozprofilePb2ysa"
JavaScript error: resource://gre/modules/XULStore.jsm, line 66: Error: Can't find profile directory.
console.error: SearchCache: "_readCacheFile: Error reading cache file:" (new Error("", "(unknown module)"))
1604061488875	Marionette	INFO	Listening on port 53347
1604061489095	Marionette	WARN	TLS certificate errors will be ignored for this session
JavaScript warning: https://static-exp1.licdn.com/sc/h/br/591hu6n6k1aoc3brtime5gy08, line 17050: unreachable code after return statement
JavaScript warning: https://static-exp1.licdn.com/sc/h/br/8qhmbibwkgcvdrtm9coo8ahue, line 2906: unreachable code after return statement
JavaScript warning: https://static-exp1.licdn.com/sc/h/br/8qhmbibwkgcvdrtm9coo8ahue, line 2906: unreachable code after return statement
JavaScript error: , line 0: uncaught exception: Object
JavaScript error: , line 0: uncaught exception: Object
JavaScript error: , line 0: uncaught exception: Object
JavaScript error: , line 0: uncaught exception: Object
JavaScript error: , line 0: uncaught exception: Object
JavaScript error: https://static-exp1.licdn.com/sc/h/br/8qhmbibwkgcvdrtm9coo8ahue, line 4053: Error: Failed to preload bundles: msg-overlay
JavaScript error: , line 0: uncaught exception: Object
JavaScript error: resource:///modules/FaviconLoader.jsm, line 568: InvalidStateError: An attempt was made to use an object that is not, or is no longer, usable
JavaScript warning: https://static-exp1.licdn.com/sc/h/br/591hu6n6k1aoc3brtime5gy08, line 17050: unreachable code after return statement
JavaScript warning: https://static-exp1.licdn.com/sc/h/br/8qhmbibwkgcvdrtm9coo8ahue, line 2906: unreachable code after return statement
JavaScript warning: https://static-exp1.licdn.com/sc/h/br/8qhmbibwkgcvdrtm9coo8ahue, line 2906: unreachable code after return statement
1604062158381	Marionette	INFO	Stopped listening on port 53347

###!!! [Child][RunMessage] Error: Channel closing: too late to send/recv, messages will be lost


###!!! [Child][MessageChannel::SendAndWait] Error: Channel error: cannot send/recv

/modules/XULStore.jsm, line 66: Error: Can't find profile directory.
console.error: SearchCache: "_readCacheFile: Error reading cache file:" (new Error("", "(unknown module)"))
1604061595283	Marionette	INFO	Listening on port 53511
1604061595703	Marionette	WARN	TLS certificate errors will be ignored for this session
JavaScript warning: https://static-exp1.licdn.com/sc/h/br/591hu6n6k1aoc3brtime5gy08, line 17050: unreachable code after return statement
JavaScript warning: https://static-exp1.licdn.com/sc/h/br/591hu6n6k1aoc3brtime5gy08, line 17050: unreachable code after return statement
JavaScript warning: https://static-exp1.licdn.com/sc/h/br/8qhmbibwkgcvdrtm9coo8ahue, line 2906: unreachable code after return statement
JavaScript warning: https://static-exp1.licdn.com/sc/h/br/8qhmbibwkgcvdrtm9coo8ahue, line 2906: unreachable code after return statement
1604061665641	Marionette	WARN	TimedPromise timed out after 500 ms: stacktrace:
TimedPromise/<@chrome://marionette/content/sync.js:245:13
TimedPromise@chrome://marionette/content/sync.js:230:10
interaction.flushEventLoop@chrome://marionette/content/interaction.js:416:10
webdriverClickElement@chrome://marionette/content/interaction.js:182:31
1604061673565	Marionette	WARN	TimedPromise timed out after 500 ms: stacktrace:
TimedPromise/<@chrome://marionette/content/sync.js:245:13
TimedPromise@chrome://marionette/content/sync.js:230:10
interaction.flushEventLoop@chrome://marionette/content/interaction.js:416:10
webdriverClickElement@chrome://marionette/content/interaction.js:182:31
1604061676070	Marionette	INFO	Stopped listening on port 53511

###!!! [Child][RunMessage] Error: Channel closing: too late to send/recv, messages will be lost


###!!! [Child][MessageChannel::SendAndWait] Error: Channel error: cannot send/recv

